<?xml version="1.0" encoding="UTF-8"?>
<!-- Generated by org.testng.reporters.JUnitReportReporter -->
<testsuite hostname="AOngarbayev-nb" failures="0" tests="1" name="qaclickacademy.MavenJava.SeleniumTest" time="0.001" errors="0" timestamp="2022-04-05T11:39:48 ALMT" skipped="0">
  <testcase classname="qaclickacademy.MavenJava.SeleniumTest" name="browserAutomation" time="0.001"/>
  <system-out/>
</testsuite> <!-- qaclickacademy.MavenJava.SeleniumTest -->
